This is pdfTeX, Version 3.14159265-2.6-1.40.17 (TeX Live 2016) (preloaded format=pdflatex 2017.2.22)  3 MAR 2018 19:28
entering extended mode
 restricted \write18 enabled.
 %&-line parsing enabled.
**Introduction_LDPC_Codes.tex
(./Introduction_LDPC_Codes.tex
LaTeX2e <2016/03/31>
Babel <3.9r> and hyphenation patterns for 83 language(s) loaded.
(/usr/local/texlive/2016/texmf-dist/tex/latex/beamer/beamer.cls
(/usr/local/texlive/2016/texmf-dist/tex/latex/beamer/beamerbasercs.sty
Package: beamerbasercs 2015/03/08 (rcs-revision 368aa9ba9d38)
)
Document Class: beamer 2015/01/05 3.36 A class for typesetting presentations (r
cs-revision 8a39122e1f63)
(/usr/local/texlive/2016/texmf-dist/tex/latex/beamer/beamerbasemodes.sty
Package: beamerbasemodes 2013/09/03 (rcs-revision 768f2d98ca64)
\beamer@tempbox=\box26
\beamer@tempcount=\count79
\c@beamerpauses=\count80

(/usr/local/texlive/2016/texmf-dist/tex/latex/beamer/beamerbasedecode.sty
Package: beamerbasedecode 2010/05/01 (rcs-revision efa082c6111d)
\beamer@slideinframe=\count81
\beamer@minimum=\count82
)
\beamer@commentbox=\box27
\beamer@modecount=\count83
)
(/usr/local/texlive/2016/texmf-dist/tex/generic/oberdiek/ifpdf.sty
Package: ifpdf 2016/05/14 v3.1 Provides the ifpdf switch
)
\headheight=\dimen102
\headdp=\dimen103
\footheight=\dimen104
\sidebarheight=\dimen105
\beamer@tempdim=\dimen106
\beamer@finalheight=\dimen107
\beamer@animht=\dimen108
\beamer@animdp=\dimen109
\beamer@animwd=\dimen110
\beamer@leftmargin=\dimen111
\beamer@rightmargin=\dimen112
\beamer@leftsidebar=\dimen113
\beamer@rightsidebar=\dimen114
\beamer@boxsize=\dimen115
\beamer@vboxoffset=\dimen116
\beamer@descdefault=\dimen117
\beamer@descriptionwidth=\dimen118
\beamer@lastskip=\skip41
\beamer@areabox=\box28
\beamer@animcurrent=\box29
\beamer@animshowbox=\box30
\beamer@sectionbox=\box31
\beamer@logobox=\box32
\beamer@linebox=\box33
\beamer@sectioncount=\count84
\beamer@subsubsectionmax=\count85
\beamer@subsectionmax=\count86
\beamer@sectionmax=\count87
\beamer@totalheads=\count88
\beamer@headcounter=\count89
\beamer@partstartpage=\count90
\beamer@sectionstartpage=\count91
\beamer@subsectionstartpage=\count92
\beamer@animationtempa=\count93
\beamer@animationtempb=\count94
\beamer@xpos=\count95
\beamer@ypos=\count96
\beamer@showpartnumber=\count97
\beamer@currentsubsection=\count98
\beamer@coveringdepth=\count99
\beamer@sectionadjust=\count100
\beamer@tocsectionnumber=\count101

(/usr/local/texlive/2016/texmf-dist/tex/latex/beamer/beamerbaseoptions.sty
Package: beamerbaseoptions 2013/03/10 (rcs-revision 47431932db0d)

(/usr/local/texlive/2016/texmf-dist/tex/latex/graphics/keyval.sty
Package: keyval 2014/10/28 v1.15 key=value parser (DPC)
\KV@toks@=\toks14
))
\beamer@paperwidth=\skip42
\beamer@paperheight=\skip43

(/usr/local/texlive/2016/texmf-dist/tex/latex/geometry/geometry.sty
Package: geometry 2010/09/12 v5.6 Page Geometry

(/usr/local/texlive/2016/texmf-dist/tex/generic/oberdiek/ifvtex.sty
Package: ifvtex 2016/05/16 v1.6 Detect VTeX and its facilities (HO)
Package ifvtex Info: VTeX not detected.
)
(/usr/local/texlive/2016/texmf-dist/tex/generic/ifxetex/ifxetex.sty
Package: ifxetex 2010/09/12 v0.6 Provides ifxetex conditional
)
\Gm@cnth=\count102
\Gm@cntv=\count103
\c@Gm@tempcnt=\count104
\Gm@bindingoffset=\dimen119
\Gm@wd@mp=\dimen120
\Gm@odd@mp=\dimen121
\Gm@even@mp=\dimen122
\Gm@layoutwidth=\dimen123
\Gm@layoutheight=\dimen124
\Gm@layouthoffset=\dimen125
\Gm@layoutvoffset=\dimen126
\Gm@dimlist=\toks15
)
(/usr/local/texlive/2016/texmf-dist/tex/latex/extsizes/size9.clo
File: size9.clo 1999/11/11 v1.4a NON-Standard LaTeX file (size option)
)
(/usr/local/texlive/2016/texmf-dist/tex/latex/pgf/basiclayer/pgfcore.sty
(/usr/local/texlive/2016/texmf-dist/tex/latex/graphics/graphicx.sty
Package: graphicx 2014/10/28 v1.0g Enhanced LaTeX Graphics (DPC,SPQR)

(/usr/local/texlive/2016/texmf-dist/tex/latex/graphics/graphics.sty
Package: graphics 2016/05/09 v1.0r Standard LaTeX Graphics (DPC,SPQR)

(/usr/local/texlive/2016/texmf-dist/tex/latex/graphics/trig.sty
Package: trig 2016/01/03 v1.10 sin cos tan (DPC)
)
(/usr/local/texlive/2016/texmf-dist/tex/latex/graphics-cfg/graphics.cfg
File: graphics.cfg 2016/01/02 v1.10 sample graphics configuration
)
Package graphics Info: Driver file: pdftex.def on input line 96.

(/usr/local/texlive/2016/texmf-dist/tex/latex/pdftex-def/pdftex.def
File: pdftex.def 2011/05/27 v0.06d Graphics/color for pdfTeX

(/usr/local/texlive/2016/texmf-dist/tex/generic/oberdiek/infwarerr.sty
Package: infwarerr 2016/05/16 v1.4 Providing info/warning/error messages (HO)
)
(/usr/local/texlive/2016/texmf-dist/tex/generic/oberdiek/ltxcmds.sty
Package: ltxcmds 2016/05/16 v1.23 LaTeX kernel commands for general use (HO)
)
\Gread@gobject=\count105
))
\Gin@req@height=\dimen127
\Gin@req@width=\dimen128
)
(/usr/local/texlive/2016/texmf-dist/tex/latex/pgf/systemlayer/pgfsys.sty
(/usr/local/texlive/2016/texmf-dist/tex/latex/pgf/utilities/pgfrcs.sty
(/usr/local/texlive/2016/texmf-dist/tex/generic/pgf/utilities/pgfutil-common.te
x
\pgfutil@everybye=\toks16
\pgfutil@tempdima=\dimen129
\pgfutil@tempdimb=\dimen130

(/usr/local/texlive/2016/texmf-dist/tex/generic/pgf/utilities/pgfutil-common-li
sts.tex))
(/usr/local/texlive/2016/texmf-dist/tex/generic/pgf/utilities/pgfutil-latex.def
\pgfutil@abb=\box34
(/usr/local/texlive/2016/texmf-dist/tex/latex/ms/everyshi.sty
Package: everyshi 2001/05/15 v3.00 EveryShipout Package (MS)
))
(/usr/local/texlive/2016/texmf-dist/tex/generic/pgf/utilities/pgfrcs.code.tex
Package: pgfrcs 2015/08/07 v3.0.1a (rcs-revision 1.31)
))
(/usr/local/texlive/2016/texmf-dist/tex/generic/pgf/systemlayer/pgfsys.code.tex
Package: pgfsys 2014/07/09 v3.0.1a (rcs-revision 1.48)
(/usr/local/texlive/2016/texmf-dist/tex/generic/pgf/utilities/pgfkeys.code.tex
\pgfkeys@pathtoks=\toks17
\pgfkeys@temptoks=\toks18

(/usr/local/texlive/2016/texmf-dist/tex/generic/pgf/utilities/pgfkeysfiltered.c
ode.tex
\pgfkeys@tmptoks=\toks19
))
\pgf@x=\dimen131
\pgf@y=\dimen132
\pgf@xa=\dimen133
\pgf@ya=\dimen134
\pgf@xb=\dimen135
\pgf@yb=\dimen136
\pgf@xc=\dimen137
\pgf@yc=\dimen138
\w@pgf@writea=\write3
\r@pgf@reada=\read1
\c@pgf@counta=\count106
\c@pgf@countb=\count107
\c@pgf@countc=\count108
\c@pgf@countd=\count109
\t@pgf@toka=\toks20
\t@pgf@tokb=\toks21
\t@pgf@tokc=\toks22

(/usr/local/texlive/2016/texmf-dist/tex/generic/pgf/systemlayer/pgf.cfg
File: pgf.cfg 2008/05/14  (rcs-revision 1.7)
)
Driver file for pgf: pgfsys-pdftex.def

(/usr/local/texlive/2016/texmf-dist/tex/generic/pgf/systemlayer/pgfsys-pdftex.d
ef
File: pgfsys-pdftex.def 2014/10/11  (rcs-revision 1.35)

(/usr/local/texlive/2016/texmf-dist/tex/generic/pgf/systemlayer/pgfsys-common-p
df.def
File: pgfsys-common-pdf.def 2013/10/10  (rcs-revision 1.13)
)))
(/usr/local/texlive/2016/texmf-dist/tex/generic/pgf/systemlayer/pgfsyssoftpath.
code.tex
File: pgfsyssoftpath.code.tex 2013/09/09  (rcs-revision 1.9)
\pgfsyssoftpath@smallbuffer@items=\count110
\pgfsyssoftpath@bigbuffer@items=\count111
)
(/usr/local/texlive/2016/texmf-dist/tex/generic/pgf/systemlayer/pgfsysprotocol.
code.tex
File: pgfsysprotocol.code.tex 2006/10/16  (rcs-revision 1.4)
)) (/usr/local/texlive/2016/texmf-dist/tex/latex/xcolor/xcolor.sty
Package: xcolor 2016/05/11 v2.12 LaTeX color extensions (UK)

(/usr/local/texlive/2016/texmf-dist/tex/latex/graphics-cfg/color.cfg
File: color.cfg 2016/01/02 v1.6 sample color configuration
)
Package xcolor Info: Driver file: pdftex.def on input line 225.
Package xcolor Info: Model `cmy' substituted by `cmy0' on input line 1348.
Package xcolor Info: Model `hsb' substituted by `rgb' on input line 1352.
Package xcolor Info: Model `RGB' extended on input line 1364.
Package xcolor Info: Model `HTML' substituted by `rgb' on input line 1366.
Package xcolor Info: Model `Hsb' substituted by `hsb' on input line 1367.
Package xcolor Info: Model `tHsb' substituted by `hsb' on input line 1368.
Package xcolor Info: Model `HSB' substituted by `hsb' on input line 1369.
Package xcolor Info: Model `Gray' substituted by `gray' on input line 1370.
Package xcolor Info: Model `wave' substituted by `hsb' on input line 1371.
)
(/usr/local/texlive/2016/texmf-dist/tex/generic/pgf/basiclayer/pgfcore.code.tex
Package: pgfcore 2010/04/11 v3.0.1a (rcs-revision 1.7)
(/usr/local/texlive/2016/texmf-dist/tex/generic/pgf/math/pgfmath.code.tex
(/usr/local/texlive/2016/texmf-dist/tex/generic/pgf/math/pgfmathcalc.code.tex
(/usr/local/texlive/2016/texmf-dist/tex/generic/pgf/math/pgfmathutil.code.tex)
(/usr/local/texlive/2016/texmf-dist/tex/generic/pgf/math/pgfmathparser.code.tex
\pgfmath@dimen=\dimen139
\pgfmath@count=\count112
\pgfmath@box=\box35
\pgfmath@toks=\toks23
\pgfmath@stack@operand=\toks24
\pgfmath@stack@operation=\toks25
)
(/usr/local/texlive/2016/texmf-dist/tex/generic/pgf/math/pgfmathfunctions.code.
tex
(/usr/local/texlive/2016/texmf-dist/tex/generic/pgf/math/pgfmathfunctions.basic
.code.tex)
(/usr/local/texlive/2016/texmf-dist/tex/generic/pgf/math/pgfmathfunctions.trigo
nometric.code.tex)
(/usr/local/texlive/2016/texmf-dist/tex/generic/pgf/math/pgfmathfunctions.rando
m.code.tex)
(/usr/local/texlive/2016/texmf-dist/tex/generic/pgf/math/pgfmathfunctions.compa
rison.code.tex)
(/usr/local/texlive/2016/texmf-dist/tex/generic/pgf/math/pgfmathfunctions.base.
code.tex)
(/usr/local/texlive/2016/texmf-dist/tex/generic/pgf/math/pgfmathfunctions.round
.code.tex)
(/usr/local/texlive/2016/texmf-dist/tex/generic/pgf/math/pgfmathfunctions.misc.
code.tex)
(/usr/local/texlive/2016/texmf-dist/tex/generic/pgf/math/pgfmathfunctions.integ
erarithmetics.code.tex)))
(/usr/local/texlive/2016/texmf-dist/tex/generic/pgf/math/pgfmathfloat.code.tex
\c@pgfmathroundto@lastzeros=\count113
))
(/usr/local/texlive/2016/texmf-dist/tex/generic/pgf/basiclayer/pgfcorepoints.co
de.tex
File: pgfcorepoints.code.tex 2013/10/07  (rcs-revision 1.27)
\pgf@picminx=\dimen140
\pgf@picmaxx=\dimen141
\pgf@picminy=\dimen142
\pgf@picmaxy=\dimen143
\pgf@pathminx=\dimen144
\pgf@pathmaxx=\dimen145
\pgf@pathminy=\dimen146
\pgf@pathmaxy=\dimen147
\pgf@xx=\dimen148
\pgf@xy=\dimen149
\pgf@yx=\dimen150
\pgf@yy=\dimen151
\pgf@zx=\dimen152
\pgf@zy=\dimen153
)
(/usr/local/texlive/2016/texmf-dist/tex/generic/pgf/basiclayer/pgfcorepathconst
ruct.code.tex
File: pgfcorepathconstruct.code.tex 2013/10/07  (rcs-revision 1.29)
\pgf@path@lastx=\dimen154
\pgf@path@lasty=\dimen155
)
(/usr/local/texlive/2016/texmf-dist/tex/generic/pgf/basiclayer/pgfcorepathusage
.code.tex
File: pgfcorepathusage.code.tex 2014/11/02  (rcs-revision 1.24)
\pgf@shorten@end@additional=\dimen156
\pgf@shorten@start@additional=\dimen157
)
(/usr/local/texlive/2016/texmf-dist/tex/generic/pgf/basiclayer/pgfcorescopes.co
de.tex
File: pgfcorescopes.code.tex 2015/05/08  (rcs-revision 1.46)
\pgfpic=\box36
\pgf@hbox=\box37
\pgf@layerbox@main=\box38
\pgf@picture@serial@count=\count114
)
(/usr/local/texlive/2016/texmf-dist/tex/generic/pgf/basiclayer/pgfcoregraphicst
ate.code.tex
File: pgfcoregraphicstate.code.tex 2014/11/02  (rcs-revision 1.12)
\pgflinewidth=\dimen158
)
(/usr/local/texlive/2016/texmf-dist/tex/generic/pgf/basiclayer/pgfcoretransform
ations.code.tex
File: pgfcoretransformations.code.tex 2015/08/07  (rcs-revision 1.20)
\pgf@pt@x=\dimen159
\pgf@pt@y=\dimen160
\pgf@pt@temp=\dimen161
)
(/usr/local/texlive/2016/texmf-dist/tex/generic/pgf/basiclayer/pgfcorequick.cod
e.tex
File: pgfcorequick.code.tex 2008/10/09  (rcs-revision 1.3)
)
(/usr/local/texlive/2016/texmf-dist/tex/generic/pgf/basiclayer/pgfcoreobjects.c
ode.tex
File: pgfcoreobjects.code.tex 2006/10/11  (rcs-revision 1.2)
)
(/usr/local/texlive/2016/texmf-dist/tex/generic/pgf/basiclayer/pgfcorepathproce
ssing.code.tex
File: pgfcorepathprocessing.code.tex 2013/09/09  (rcs-revision 1.9)
)
(/usr/local/texlive/2016/texmf-dist/tex/generic/pgf/basiclayer/pgfcorearrows.co
de.tex
File: pgfcorearrows.code.tex 2015/05/14  (rcs-revision 1.43)
\pgfarrowsep=\dimen162
)
(/usr/local/texlive/2016/texmf-dist/tex/generic/pgf/basiclayer/pgfcoreshade.cod
e.tex
File: pgfcoreshade.code.tex 2013/07/15  (rcs-revision 1.15)
\pgf@max=\dimen163
\pgf@sys@shading@range@num=\count115
)
(/usr/local/texlive/2016/texmf-dist/tex/generic/pgf/basiclayer/pgfcoreimage.cod
e.tex
File: pgfcoreimage.code.tex 2013/07/15  (rcs-revision 1.18)

(/usr/local/texlive/2016/texmf-dist/tex/generic/pgf/basiclayer/pgfcoreexternal.
code.tex
File: pgfcoreexternal.code.tex 2014/07/09  (rcs-revision 1.21)
\pgfexternal@startupbox=\box39
))
(/usr/local/texlive/2016/texmf-dist/tex/generic/pgf/basiclayer/pgfcorelayers.co
de.tex
File: pgfcorelayers.code.tex 2013/07/18  (rcs-revision 1.7)
)
(/usr/local/texlive/2016/texmf-dist/tex/generic/pgf/basiclayer/pgfcoretranspare
ncy.code.tex
File: pgfcoretransparency.code.tex 2013/09/30  (rcs-revision 1.5)
)
(/usr/local/texlive/2016/texmf-dist/tex/generic/pgf/basiclayer/pgfcorepatterns.
code.tex
File: pgfcorepatterns.code.tex 2013/11/07  (rcs-revision 1.5)
)))
(/usr/local/texlive/2016/texmf-dist/tex/latex/pgf/utilities/xxcolor.sty
Package: xxcolor 2003/10/24 ver 0.1
\XC@nummixins=\count116
\XC@countmixins=\count117
)
(/usr/local/texlive/2016/texmf-dist/tex/generic/oberdiek/atbegshi.sty
Package: atbegshi 2016/05/16 v1.17 At begin shipout hook (HO)
)
(/usr/local/texlive/2016/texmf-dist/tex/latex/hyperref/hyperref.sty
Package: hyperref 2016/05/05 v6.83n Hypertext links for LaTeX

(/usr/local/texlive/2016/texmf-dist/tex/generic/oberdiek/hobsub-hyperref.sty
Package: hobsub-hyperref 2016/05/16 v1.14 Bundle oberdiek, subset hyperref (HO)


(/usr/local/texlive/2016/texmf-dist/tex/generic/oberdiek/hobsub-generic.sty
Package: hobsub-generic 2016/05/16 v1.14 Bundle oberdiek, subset generic (HO)
Package: hobsub 2016/05/16 v1.14 Construct package bundles (HO)
Package hobsub Info: Skipping package `infwarerr' (already loaded).
Package hobsub Info: Skipping package `ltxcmds' (already loaded).
Package: ifluatex 2016/05/16 v1.4 Provides the ifluatex switch (HO)
Package ifluatex Info: LuaTeX not detected.
Package hobsub Info: Skipping package `ifvtex' (already loaded).
Package: intcalc 2016/05/16 v1.2 Expandable calculations with integers (HO)
Package hobsub Info: Skipping package `ifpdf' (already loaded).
Package: etexcmds 2016/05/16 v1.6 Avoid name clashes with e-TeX commands (HO)
Package etexcmds Info: Could not find \expanded.
(etexcmds)             That can mean that you are not using pdfTeX 1.50 or
(etexcmds)             that some package has redefined \expanded.
(etexcmds)             In the latter case, load this package earlier.
Package: kvsetkeys 2016/05/16 v1.17 Key value parser (HO)
Package: kvdefinekeys 2016/05/16 v1.4 Define keys (HO)
Package: pdftexcmds 2016/05/10 v0.21 Utility functions of pdfTeX for LuaTeX (HO
)
Package pdftexcmds Info: LuaTeX not detected.
Package pdftexcmds Info: \pdf@primitive is available.
Package pdftexcmds Info: \pdf@ifprimitive is available.
Package pdftexcmds Info: \pdfdraftmode found.
Package: pdfescape 2016/05/16 v1.14 Implements pdfTeX's escape features (HO)
Package: bigintcalc 2016/05/16 v1.4 Expandable calculations on big integers (HO
)
Package: bitset 2016/05/16 v1.2 Handle bit-vector datatype (HO)
Package: uniquecounter 2016/05/16 v1.3 Provide unlimited unique counter (HO)
)
Package hobsub Info: Skipping package `hobsub' (already loaded).
Package: letltxmacro 2016/05/16 v1.5 Let assignment for LaTeX macros (HO)
Package: hopatch 2016/05/16 v1.3 Wrapper for package hooks (HO)
Package: xcolor-patch 2016/05/16 xcolor patch
Package: atveryend 2016/05/16 v1.9 Hooks at the very end of document (HO)
Package atveryend Info: \enddocument detected (standard20110627).
Package hobsub Info: Skipping package `atbegshi' (already loaded).
Package: refcount 2016/05/16 v3.5 Data extraction from label references (HO)
Package: hycolor 2016/05/16 v1.8 Color options for hyperref/bookmark (HO)
)
(/usr/local/texlive/2016/texmf-dist/tex/latex/oberdiek/auxhook.sty
Package: auxhook 2016/05/16 v1.4 Hooks for auxiliary files (HO)
)
(/usr/local/texlive/2016/texmf-dist/tex/latex/oberdiek/kvoptions.sty
Package: kvoptions 2016/05/16 v3.12 Key value format for package options (HO)
)
\@linkdim=\dimen164
\Hy@linkcounter=\count118
\Hy@pagecounter=\count119

(/usr/local/texlive/2016/texmf-dist/tex/latex/hyperref/pd1enc.def
File: pd1enc.def 2016/05/05 v6.83n Hyperref: PDFDocEncoding definition (HO)
)
\Hy@SavedSpaceFactor=\count120

(/usr/local/texlive/2016/texmf-dist/tex/latex/latexconfig/hyperref.cfg
File: hyperref.cfg 2002/06/06 v1.2 hyperref configuration of TeXLive
)
Package hyperref Info: Option `bookmarks' set `true' on input line 4322.
Package hyperref Info: Option `bookmarksopen' set `true' on input line 4322.
Package hyperref Info: Option `implicit' set `false' on input line 4322.
Package hyperref Info: Hyper figures OFF on input line 4446.
Package hyperref Info: Link nesting OFF on input line 4451.
Package hyperref Info: Hyper index ON on input line 4454.
Package hyperref Info: Plain pages OFF on input line 4461.
Package hyperref Info: Backreferencing OFF on input line 4466.
Package hyperref Info: Implicit mode OFF; no redefinition of LaTeX internals.
Package hyperref Info: Bookmarks ON on input line 4691.
\c@Hy@tempcnt=\count121

(/usr/local/texlive/2016/texmf-dist/tex/latex/url/url.sty
\Urlmuskip=\muskip10
Package: url 2013/09/16  ver 3.4  Verb mode for urls, etc.
)
LaTeX Info: Redefining \url on input line 5044.
\XeTeXLinkMargin=\dimen165
\Fld@menulength=\count122
\Field@Width=\dimen166
\Fld@charsize=\dimen167
Package hyperref Info: Hyper figures OFF on input line 6298.
Package hyperref Info: Link nesting OFF on input line 6303.
Package hyperref Info: Hyper index ON on input line 6306.
Package hyperref Info: backreferencing OFF on input line 6313.
Package hyperref Info: Link coloring OFF on input line 6318.
Package hyperref Info: Link coloring with OCG OFF on input line 6323.
Package hyperref Info: PDF/A mode OFF on input line 6328.
LaTeX Info: Redefining \ref on input line 6368.
LaTeX Info: Redefining \pageref on input line 6372.
\Hy@abspage=\count123


Package hyperref Message: Stopped early.

)

Package hyperref Message: Driver (autodetected): hpdftex.

(/usr/local/texlive/2016/texmf-dist/tex/latex/hyperref/hpdftex.def
File: hpdftex.def 2016/05/05 v6.83n Hyperref driver for pdfTeX
\Fld@listcount=\count124
\c@bookmark@seq@number=\count125

(/usr/local/texlive/2016/texmf-dist/tex/latex/oberdiek/rerunfilecheck.sty
Package: rerunfilecheck 2016/05/16 v1.8 Rerun checks for auxiliary files (HO)
Package uniquecounter Info: New unique counter `rerunfilecheck' on input line 2
82.
))
(/usr/local/texlive/2016/texmf-dist/tex/latex/beamer/beamerbaserequires.sty
Package: beamerbaserequires 2010/05/01  (rcs-revision efa082c6111d)

(/usr/local/texlive/2016/texmf-dist/tex/latex/beamer/beamerbasecompatibility.st
y
Package: beamerbasecompatibility 2012/05/01  (rcs-revision 67c48b3b652d)
) (/usr/local/texlive/2016/texmf-dist/tex/latex/beamer/beamerbasefont.sty
Package: beamerbasefont 2015/01/05  (rcs-revision b4b4bee242e2)

(/usr/local/texlive/2016/texmf-dist/tex/latex/amsfonts/amssymb.sty
Package: amssymb 2013/01/14 v3.01 AMS font symbols

(/usr/local/texlive/2016/texmf-dist/tex/latex/amsfonts/amsfonts.sty
Package: amsfonts 2013/01/14 v3.01 Basic AMSFonts support
\@emptytoks=\toks26
\symAMSa=\mathgroup4
\symAMSb=\mathgroup5
LaTeX Font Info:    Overwriting math alphabet `\mathfrak' in version `bold'
(Font)                  U/euf/m/n --> U/euf/b/n on input line 106.
))
(/usr/local/texlive/2016/texmf-dist/tex/latex/sansmathaccent/sansmathaccent.sty
Package: sansmathaccent 2013/03/28
(/usr/local/texlive/2016/texmf-dist/tex/latex/filehook/filehook.sty
Package: filehook 2011/10/12 v0.5d Hooks for input files
)))
(/usr/local/texlive/2016/texmf-dist/tex/latex/beamer/beamerbasetranslator.sty
Package: beamerbasetranslator 2010/06/11  (rcs-revision 85fd1cc7fc42)

(/usr/local/texlive/2016/texmf-dist/tex/latex/beamer/translator/translator.sty
Package: translator 2010/06/12 ver 1.10

(/usr/local/texlive/2016/texmf-dist/tex/latex/beamer/translator/translator-lang
uage-mappings.tex)))
(/usr/local/texlive/2016/texmf-dist/tex/latex/beamer/beamerbasemisc.sty
Package: beamerbasemisc 2013/09/03  (rcs-revision a55719c41d85)
)
(/usr/local/texlive/2016/texmf-dist/tex/latex/beamer/beamerbasetwoscreens.sty
Package: beamerbasetwoscreens 2010/05/01  (rcs-revision efa082c6111d)
)
(/usr/local/texlive/2016/texmf-dist/tex/latex/beamer/beamerbaseoverlay.sty
Package: beamerbaseoverlay 2013/12/25  (rcs-revision f6bd5e3805da)
\beamer@argscount=\count126
\beamer@lastskipcover=\skip44
\beamer@trivlistdepth=\count127
)
(/usr/local/texlive/2016/texmf-dist/tex/latex/beamer/beamerbasetitle.sty
Package: beamerbasetitle 2010/09/21  (rcs-revision f0446ed0b6ae)
)
(/usr/local/texlive/2016/texmf-dist/tex/latex/beamer/beamerbasesection.sty
Package: beamerbasesection 2013/06/07  (rcs-revision 60b9fe0f342f)
\c@lecture=\count128
\c@part=\count129
\c@section=\count130
\c@subsection=\count131
\c@subsubsection=\count132
)
(/usr/local/texlive/2016/texmf-dist/tex/latex/beamer/beamerbaseframe.sty
Package: beamerbaseframe 2014/02/20  (rcs-revision 4b8ceeeff434)
\beamer@framebox=\box40
\beamer@frametitlebox=\box41
\beamer@zoombox=\box42
\beamer@zoomcount=\count133
\beamer@zoomframecount=\count134
\beamer@frametextheight=\dimen168
\c@subsectionslide=\count135
\beamer@frametopskip=\skip45
\beamer@framebottomskip=\skip46
\beamer@frametopskipautobreak=\skip47
\beamer@framebottomskipautobreak=\skip48
\beamer@envbody=\toks27
\framewidth=\dimen169
\c@framenumber=\count136
)
(/usr/local/texlive/2016/texmf-dist/tex/latex/beamer/beamerbaseverbatim.sty
Package: beamerbaseverbatim 2015/01/05  (rcs-revision 431510bb5890)
\beamer@verbatimfileout=\write4
)
(/usr/local/texlive/2016/texmf-dist/tex/latex/beamer/beamerbaseframesize.sty
Package: beamerbaseframesize 2011/09/12  (rcs-revision 70f9d8411e54)
\beamer@splitbox=\box43
\beamer@autobreakcount=\count137
\beamer@autobreaklastheight=\dimen170
\beamer@frametitletoks=\toks28
\beamer@framesubtitletoks=\toks29
)
(/usr/local/texlive/2016/texmf-dist/tex/latex/beamer/beamerbaseframecomponents.
sty
Package: beamerbaseframecomponents 2013/10/18  (rcs-revision 5cf6c5555a45)
\beamer@footins=\box44
) (/usr/local/texlive/2016/texmf-dist/tex/latex/beamer/beamerbasecolor.sty
Package: beamerbasecolor 2015/02/21  (rcs-revision d944b04ee2d5)
)
(/usr/local/texlive/2016/texmf-dist/tex/latex/beamer/beamerbasenotes.sty
Package: beamerbasenotes 2012/12/19  (rcs-revision 1686da3db3c9)
\beamer@frameboxcopy=\box45
)
(/usr/local/texlive/2016/texmf-dist/tex/latex/beamer/beamerbasetoc.sty
Package: beamerbasetoc 2015/03/08  (rcs-revision 7270298bbaae)
)
(/usr/local/texlive/2016/texmf-dist/tex/latex/beamer/beamerbasetemplates.sty
Package: beamerbasetemplates 2010/05/01  (rcs-revision efa082c6111d)
\beamer@sbttoks=\toks30

(/usr/local/texlive/2016/texmf-dist/tex/latex/beamer/beamerbaseauxtemplates.sty
Package: beamerbaseauxtemplates 2014/06/30  (rcs-revision 580088513a67)
(/usr/local/texlive/2016/texmf-dist/tex/latex/beamer/beamerbaseboxes.sty
Package: beamerbaseboxes 2012/05/13  (rcs-revision 56972908a390)
\bmb@box=\box46
\bmb@colorbox=\box47
\bmb@boxshadow=\box48
\bmb@boxshadowball=\box49
\bmb@boxshadowballlarge=\box50
\bmb@temp=\dimen171
\bmb@dima=\dimen172
\bmb@dimb=\dimen173
\bmb@prevheight=\dimen174
)
\beamer@blockheadheight=\dimen175
))
(/usr/local/texlive/2016/texmf-dist/tex/latex/beamer/beamerbaselocalstructure.s
ty
Package: beamerbaselocalstructure 2014/09/10  (rcs-revision 393f6dcff371)
 (/usr/local/texlive/2016/texmf-dist/tex/latex/tools/enumerate.sty
Package: enumerate 2015/07/23 v3.00 enumerate extensions (DPC)
\@enLab=\toks31
)
\c@figure=\count138
\c@table=\count139
\abovecaptionskip=\skip49
\belowcaptionskip=\skip50
)
(/usr/local/texlive/2016/texmf-dist/tex/latex/beamer/beamerbasenavigation.sty
Package: beamerbasenavigation 2015/02/27  (rcs-revision 923f4bf87efa)
\beamer@section@min@dim=\dimen176
)
(/usr/local/texlive/2016/texmf-dist/tex/latex/beamer/beamerbasetheorems.sty
Package: beamerbasetheorems 2010/06/06  (rcs-revision 7e7cc5e53e9d)

(/usr/local/texlive/2016/texmf-dist/tex/latex/amsmath/amsmath.sty
Package: amsmath 2016/03/10 v2.15b AMS math features
\@mathmargin=\skip51

For additional information on amsmath, use the `?' option.
(/usr/local/texlive/2016/texmf-dist/tex/latex/amsmath/amstext.sty
Package: amstext 2000/06/29 v2.01 AMS text

(/usr/local/texlive/2016/texmf-dist/tex/latex/amsmath/amsgen.sty
File: amsgen.sty 1999/11/30 v2.0 generic functions
\@emptytoks=\toks32
\ex@=\dimen177
))
(/usr/local/texlive/2016/texmf-dist/tex/latex/amsmath/amsbsy.sty
Package: amsbsy 1999/11/29 v1.2d Bold Symbols
\pmbraise@=\dimen178
)
(/usr/local/texlive/2016/texmf-dist/tex/latex/amsmath/amsopn.sty
Package: amsopn 2016/03/08 v2.02 operator names
)
\inf@bad=\count140
LaTeX Info: Redefining \frac on input line 199.
\uproot@=\count141
\leftroot@=\count142
LaTeX Info: Redefining \overline on input line 297.
\classnum@=\count143
\DOTSCASE@=\count144
LaTeX Info: Redefining \ldots on input line 394.
LaTeX Info: Redefining \dots on input line 397.
LaTeX Info: Redefining \cdots on input line 518.
\Mathstrutbox@=\box51
\strutbox@=\box52
\big@size=\dimen179
LaTeX Font Info:    Redeclaring font encoding OML on input line 634.
LaTeX Font Info:    Redeclaring font encoding OMS on input line 635.
\macc@depth=\count145
\c@MaxMatrixCols=\count146
\dotsspace@=\muskip11
\c@parentequation=\count147
\dspbrk@lvl=\count148
\tag@help=\toks33
\row@=\count149
\column@=\count150
\maxfields@=\count151
\andhelp@=\toks34
\eqnshift@=\dimen180
\alignsep@=\dimen181
\tagshift@=\dimen182
\tagwidth@=\dimen183
\totwidth@=\dimen184
\lineht@=\dimen185
\@envbody=\toks35
\multlinegap=\skip52
\multlinetaggap=\skip53
\mathdisplay@stack=\toks36
LaTeX Info: Redefining \[ on input line 2739.
LaTeX Info: Redefining \] on input line 2740.
)
(/usr/local/texlive/2016/texmf-dist/tex/latex/amscls/amsthm.sty
Package: amsthm 2015/03/04 v2.20.2
\thm@style=\toks37
\thm@bodyfont=\toks38
\thm@headfont=\toks39
\thm@notefont=\toks40
\thm@headpunct=\toks41
\thm@preskip=\skip54
\thm@postskip=\skip55
\thm@headsep=\skip56
\dth@everypar=\toks42
)
\c@theorem=\count152
)
(/usr/local/texlive/2016/texmf-dist/tex/latex/beamer/beamerbasethemes.sty
Package: beamerbasethemes 2010/05/01  (rcs-revision efa082c6111d)
))
(/usr/local/texlive/2016/texmf-dist/tex/latex/beamer/themes/theme/beamerthemede
fault.sty
Package: beamerthemedefault 2010/06/17  (rcs-revision d02a7cf4d8ae)

(/usr/local/texlive/2016/texmf-dist/tex/latex/beamer/themes/font/beamerfontthem
edefault.sty
Package: beamerfontthemedefault 2012/12/19  (rcs-revision 1686da3db3c9)
)
(/usr/local/texlive/2016/texmf-dist/tex/latex/beamer/themes/color/beamercolorth
emedefault.sty
Package: beamercolorthemedefault 2012/12/19  (rcs-revision 1686da3db3c9)
)
(/usr/local/texlive/2016/texmf-dist/tex/latex/beamer/themes/inner/beamerinnerth
emedefault.sty
Package: beamerinnerthemedefault 2014/06/30  (rcs-revision 580088513a67)
\beamer@dima=\dimen186
\beamer@dimb=\dimen187
)
(/usr/local/texlive/2016/texmf-dist/tex/latex/beamer/themes/outer/beamerouterth
emedefault.sty
Package: beamerouterthemedefault 2012/12/19  (rcs-revision 1686da3db3c9)
)))
(/usr/local/texlive/2016/texmf-dist/tex/latex/beamer/themes/theme/beamerthemebo
xes.sty
Package: beamerthemeboxes 2010/06/17  (rcs-revision d02a7cf4d8ae)
\beamer@boxheadheight=\dimen188
\beamer@boxfootheight=\dimen189
\beamer@headboxes=\count153
\beamer@headboxsizes=\dimen190
\beamer@currentbox=\count154
\beamer@footboxes=\count155
\beamer@footboxsizes=\dimen191
)
(/usr/local/texlive/2016/texmf-dist/tex/latex/beamer/themes/theme/beamerthemeBo
adilla.sty
Package: beamerthemeBoadilla 2010/06/17  (rcs-revision d02a7cf4d8ae)

(/usr/local/texlive/2016/texmf-dist/tex/latex/beamer/themes/color/beamercolorth
emerose.sty
Package: beamercolorthemerose 2010/06/17  (rcs-revision d02a7cf4d8ae)
)
(/usr/local/texlive/2016/texmf-dist/tex/latex/beamer/themes/inner/beamerinnerth
emerounded.sty
Package: beamerinnerthemerounded 2010/06/17  (rcs-revision d02a7cf4d8ae)
)
(/usr/local/texlive/2016/texmf-dist/tex/latex/beamer/themes/color/beamercolorth
emedolphin.sty
Package: beamercolorthemedolphin 2010/06/17  (rcs-revision d02a7cf4d8ae)
)
(/usr/local/texlive/2016/texmf-dist/tex/latex/beamer/themes/outer/beamerouterth
emeinfolines.sty
Package: beamerouterthemeinfolines 2012/10/16  (rcs-revision 51a8c72084af)
))
(/usr/local/texlive/2016/texmf-dist/tex/latex/beamer/themes/color/beamercolorth
emebeaver.sty
Package: beamercolorthemebeaver 2010/06/17  (rcs-revision d02a7cf4d8ae)
)
(/usr/local/texlive/2016/texmf-dist/tex/latex/beamer/themes/font/beamerfontthem
eserif.sty
Package: beamerfontthemeserif 2010/06/17  (rcs-revision d02a7cf4d8ae)
) (/usr/local/texlive/2016/texmf-dist/tex/latex/jknapltx/mathrsfs.sty
Package: mathrsfs 1996/01/01 Math RSFS package v1.0 (jk)
\symrsfs=\mathgroup6
) (/usr/local/texlive/2016/texmf-dist/tex/latex/doublestroke/dsfont.sty
Package: dsfont 1995/08/01 v0.1 Double stroke roman fonts
)
(/usr/local/texlive/2016/texmf-dist/tex/latex/cancel/cancel.sty
Package: cancel 2013/04/12 v2.2 Cancel math terms
)
(/usr/local/texlive/2016/texmf-dist/tex/latex/pgf/frontendlayer/tikz.sty
(/usr/local/texlive/2016/texmf-dist/tex/latex/pgf/basiclayer/pgf.sty
Package: pgf 2015/08/07 v3.0.1a (rcs-revision 1.15)

(/usr/local/texlive/2016/texmf-dist/tex/generic/pgf/modules/pgfmoduleshapes.cod
e.tex
File: pgfmoduleshapes.code.tex 2014/03/21  (rcs-revision 1.35)
\pgfnodeparttextbox=\box53
)
(/usr/local/texlive/2016/texmf-dist/tex/generic/pgf/modules/pgfmoduleplot.code.
tex
File: pgfmoduleplot.code.tex 2015/08/03  (rcs-revision 1.13)
)
(/usr/local/texlive/2016/texmf-dist/tex/latex/pgf/compatibility/pgfcomp-version
-0-65.sty
Package: pgfcomp-version-0-65 2007/07/03 v3.0.1a (rcs-revision 1.7)
\pgf@nodesepstart=\dimen192
\pgf@nodesepend=\dimen193
)
(/usr/local/texlive/2016/texmf-dist/tex/latex/pgf/compatibility/pgfcomp-version
-1-18.sty
Package: pgfcomp-version-1-18 2007/07/23 v3.0.1a (rcs-revision 1.1)
))
(/usr/local/texlive/2016/texmf-dist/tex/latex/pgf/utilities/pgffor.sty
(/usr/local/texlive/2016/texmf-dist/tex/latex/pgf/utilities/pgfkeys.sty
(/usr/local/texlive/2016/texmf-dist/tex/generic/pgf/utilities/pgfkeys.code.tex)
) (/usr/local/texlive/2016/texmf-dist/tex/latex/pgf/math/pgfmath.sty
(/usr/local/texlive/2016/texmf-dist/tex/generic/pgf/math/pgfmath.code.tex))
(/usr/local/texlive/2016/texmf-dist/tex/generic/pgf/utilities/pgffor.code.tex
Package: pgffor 2013/12/13 v3.0.1a (rcs-revision 1.25)

(/usr/local/texlive/2016/texmf-dist/tex/generic/pgf/math/pgfmath.code.tex)
\pgffor@iter=\dimen194
\pgffor@skip=\dimen195
\pgffor@stack=\toks43
\pgffor@toks=\toks44
))
(/usr/local/texlive/2016/texmf-dist/tex/generic/pgf/frontendlayer/tikz/tikz.cod
e.tex
Package: tikz 2015/08/07 v3.0.1a (rcs-revision 1.151)

(/usr/local/texlive/2016/texmf-dist/tex/generic/pgf/libraries/pgflibraryplothan
dlers.code.tex
File: pgflibraryplothandlers.code.tex 2013/08/31 v3.0.1a (rcs-revision 1.20)
\pgf@plot@mark@count=\count156
\pgfplotmarksize=\dimen196
)
\tikz@lastx=\dimen197
\tikz@lasty=\dimen198
\tikz@lastxsaved=\dimen199
\tikz@lastysaved=\dimen256
\tikzleveldistance=\dimen257
\tikzsiblingdistance=\dimen258
\tikz@figbox=\box54
\tikz@figbox@bg=\box55
\tikz@tempbox=\box56
\tikz@tempbox@bg=\box57
\tikztreelevel=\count157
\tikznumberofchildren=\count158
\tikznumberofcurrentchild=\count159
\tikz@fig@count=\count160

(/usr/local/texlive/2016/texmf-dist/tex/generic/pgf/modules/pgfmodulematrix.cod
e.tex
File: pgfmodulematrix.code.tex 2013/09/17  (rcs-revision 1.8)
\pgfmatrixcurrentrow=\count161
\pgfmatrixcurrentcolumn=\count162
\pgf@matrix@numberofcolumns=\count163
)
\tikz@expandcount=\count164

(/usr/local/texlive/2016/texmf-dist/tex/generic/pgf/frontendlayer/tikz/librarie
s/tikzlibrarytopaths.code.tex
File: tikzlibrarytopaths.code.tex 2008/06/17 v3.0.1a (rcs-revision 1.2)
)))
(/usr/local/texlive/2016/texmf-dist/tex/generic/pgf/frontendlayer/tikz/librarie
s/tikzlibraryfit.code.tex
File: tikzlibraryfit.code.tex 2013/07/12 v3.0.1a (rcs-revision 1.5)
)
(/usr/local/texlive/2016/texmf-dist/tex/generic/pgf/frontendlayer/tikz/librarie
s/tikzlibrarypositioning.code.tex
File: tikzlibrarypositioning.code.tex 2008/10/06 v3.0.1a (rcs-revision 1.7)
)
(/usr/local/texlive/2016/texmf-dist/tex/generic/pgf/frontendlayer/tikz/librarie
s/tikzlibraryshapes.code.tex
File: tikzlibraryshapes.code.tex 2008/01/09 v3.0.1a (rcs-revision 1.1)

(/usr/local/texlive/2016/texmf-dist/tex/generic/pgf/frontendlayer/tikz/librarie
s/tikzlibraryshapes.geometric.code.tex
File: tikzlibraryshapes.geometric.code.tex 2008/01/09 v3.0.1a (rcs-revision 1.1
)

(/usr/local/texlive/2016/texmf-dist/tex/generic/pgf/libraries/shapes/pgflibrary
shapes.geometric.code.tex
File: pgflibraryshapes.geometric.code.tex 2008/06/26 v3.0.1a (rcs-revision 1.1)

))
(/usr/local/texlive/2016/texmf-dist/tex/generic/pgf/frontendlayer/tikz/librarie
s/tikzlibraryshapes.misc.code.tex
File: tikzlibraryshapes.misc.code.tex 2008/01/09 v3.0.1a (rcs-revision 1.1)

(/usr/local/texlive/2016/texmf-dist/tex/generic/pgf/libraries/shapes/pgflibrary
shapes.misc.code.tex
File: pgflibraryshapes.misc.code.tex 2013/07/18 v3.0.1a (rcs-revision 1.5)
))
(/usr/local/texlive/2016/texmf-dist/tex/generic/pgf/frontendlayer/tikz/librarie
s/tikzlibraryshapes.symbols.code.tex
File: tikzlibraryshapes.symbols.code.tex 2008/01/09 v3.0.1a (rcs-revision 1.1)

(/usr/local/texlive/2016/texmf-dist/tex/generic/pgf/libraries/shapes/pgflibrary
shapes.symbols.code.tex
File: pgflibraryshapes.symbols.code.tex 2013/09/11 v3.0.1a (rcs-revision 1.6)
))
(/usr/local/texlive/2016/texmf-dist/tex/generic/pgf/frontendlayer/tikz/librarie
s/tikzlibraryshapes.arrows.code.tex
File: tikzlibraryshapes.arrows.code.tex 2008/01/09 v3.0.1a (rcs-revision 1.1)

(/usr/local/texlive/2016/texmf-dist/tex/generic/pgf/libraries/shapes/pgflibrary
shapes.arrows.code.tex
File: pgflibraryshapes.arrows.code.tex 2008/06/26 v3.0.1a (rcs-revision 1.1)
))
(/usr/local/texlive/2016/texmf-dist/tex/generic/pgf/frontendlayer/tikz/librarie
s/tikzlibraryshapes.callouts.code.tex
(/usr/local/texlive/2016/texmf-dist/tex/generic/pgf/libraries/shapes/pgflibrary
shapes.callouts.code.tex))
(/usr/local/texlive/2016/texmf-dist/tex/generic/pgf/frontendlayer/tikz/librarie
s/tikzlibraryshapes.multipart.code.tex
File: tikzlibraryshapes.multipart.code.tex 2008/01/09 v3.0.1a (rcs-revision 1.1
)

(/usr/local/texlive/2016/texmf-dist/tex/generic/pgf/libraries/shapes/pgflibrary
shapes.multipart.code.tex
File: pgflibraryshapes.multipart.code.tex 2010/01/07 v3.0.1a (rcs-revision 1.2)

\pgfnodepartlowerbox=\box58
\pgfnodeparttwobox=\box59
\pgfnodepartthreebox=\box60
\pgfnodepartfourbox=\box61
\pgfnodeparttwentybox=\box62
\pgfnodepartnineteenbox=\box63
\pgfnodeparteighteenbox=\box64
\pgfnodepartseventeenbox=\box65
\pgfnodepartsixteenbox=\box66
\pgfnodepartfifteenbox=\box67
\pgfnodepartfourteenbox=\box68
\pgfnodepartthirteenbox=\box69
\pgfnodeparttwelvebox=\box70
\pgfnodepartelevenbox=\box71
\pgfnodeparttenbox=\box72
\pgfnodepartninebox=\box73
\pgfnodeparteightbox=\box74
\pgfnodepartsevenbox=\box75
\pgfnodepartsixbox=\box76
\pgfnodepartfivebox=\box77
)))
(/usr/local/texlive/2016/texmf-dist/tex/generic/pgf/frontendlayer/tikz/librarie
s/tikzlibrarymatrix.code.tex
File: tikzlibrarymatrix.code.tex 2013/07/12 v3.0.1a (rcs-revision 1.4)
)
(/usr/local/texlive/2016/texmf-dist/tex/generic/pgf/frontendlayer/tikz/librarie
s/tikzlibrarydecorations.markings.code.tex
(/usr/local/texlive/2016/texmf-dist/tex/generic/pgf/frontendlayer/tikz/librarie
s/tikzlibrarydecorations.code.tex
(/usr/local/texlive/2016/texmf-dist/tex/generic/pgf/modules/pgfmoduledecoration
s.code.tex
\pgfdecoratedcompleteddistance=\dimen259
\pgfdecoratedremainingdistance=\dimen260
\pgfdecoratedinputsegmentcompleteddistance=\dimen261
\pgfdecoratedinputsegmentremainingdistance=\dimen262
\pgf@decorate@distancetomove=\dimen263
\pgf@decorate@repeatstate=\count165
\pgfdecorationsegmentamplitude=\dimen264
\pgfdecorationsegmentlength=\dimen265
)
\tikz@lib@dec@box=\box78
)
(/usr/local/texlive/2016/texmf-dist/tex/generic/pgf/libraries/decorations/pgfli
brarydecorations.markings.code.tex))
(/usr/local/texlive/2016/texmf-dist/tex/generic/pgf/frontendlayer/tikz/librarie
s/tikzlibraryarrows.code.tex
File: tikzlibraryarrows.code.tex 2008/01/09 v3.0.1a (rcs-revision 1.1)

(/usr/local/texlive/2016/texmf-dist/tex/generic/pgf/libraries/pgflibraryarrows.
code.tex
File: pgflibraryarrows.code.tex 2013/09/23 v3.0.1a (rcs-revision 1.16)
\arrowsize=\dimen266
))
(/usr/local/texlive/2016/texmf-dist/tex/generic/pgf/frontendlayer/tikz/librarie
s/graphs/tikzlibrarygraphs.code.tex
File: tikzlibrarygraphs.code.tex 2015/06/05 v3.0.1a (rcs-revision 1.44)
\tikz@lib@auto@number=\count166
\tikz@qnode@count=\count167
)

Package hyperref Warning: Token not allowed in a PDF string (PDFDocEncoding):
(hyperref)                removing `\\' on input line 124.


Package hyperref Warning: Token not allowed in a PDF string (PDFDocEncoding):
(hyperref)                removing `\new@ifnextchar' on input line 124.

(./Introduction_LDPC_Codes.aux)
\openout1 = `Introduction_LDPC_Codes.aux'.

LaTeX Font Info:    Checking defaults for OML/cmm/m/it on input line 138.
LaTeX Font Info:    ... okay on input line 138.
LaTeX Font Info:    Checking defaults for T1/cmr/m/n on input line 138.
LaTeX Font Info:    ... okay on input line 138.
LaTeX Font Info:    Checking defaults for OT1/cmr/m/n on input line 138.
LaTeX Font Info:    ... okay on input line 138.
LaTeX Font Info:    Checking defaults for OMS/cmsy/m/n on input line 138.
LaTeX Font Info:    ... okay on input line 138.
LaTeX Font Info:    Checking defaults for OMX/cmex/m/n on input line 138.
LaTeX Font Info:    ... okay on input line 138.
LaTeX Font Info:    Checking defaults for U/cmr/m/n on input line 138.
LaTeX Font Info:    ... okay on input line 138.
LaTeX Font Info:    Checking defaults for PD1/pdf/m/n on input line 138.
LaTeX Font Info:    ... okay on input line 138.

*geometry* driver: auto-detecting
*geometry* detected driver: pdftex
*geometry* verbose mode - [ preamble ] result:
* driver: pdftex
* paper: custom
* layout: <same size as paper>
* layoutoffset:(h,v)=(0.0pt,0.0pt)
* modes: includehead includefoot 
* h-part:(L,W,R)=(9.24994pt, 345.69548pt, 9.24994pt)
* v-part:(T,H,B)=(0.0pt, 273.14662pt, 0.0pt)
* \paperwidth=364.19536pt
* \paperheight=273.14662pt
* \textwidth=345.69548pt
* \textheight=244.6939pt
* \oddsidemargin=-63.02005pt
* \evensidemargin=-63.02005pt
* \topmargin=-72.26999pt
* \headheight=14.22636pt
* \headsep=0.0pt
* \topskip=9.0pt
* \footskip=14.22636pt
* \marginparwidth=4.0pt
* \marginparsep=10.0pt
* \columnsep=10.0pt
* \skip\footins=8.0pt plus 4.0pt minus 2.0pt
* \hoffset=0.0pt
* \voffset=0.0pt
* \mag=1000
* \@twocolumnfalse
* \@twosidefalse
* \@mparswitchfalse
* \@reversemarginfalse
* (1in=72.27pt=25.4mm, 1cm=28.453pt)

(/usr/local/texlive/2016/texmf-dist/tex/context/base/mkii/supp-pdf.mkii
[Loading MPS to PDF converter (version 2006.09.02).]
\scratchcounter=\count168
\scratchdimen=\dimen267
\scratchbox=\box79
\nofMPsegments=\count169
\nofMParguments=\count170
\everyMPshowfont=\toks45
\MPscratchCnt=\count171
\MPscratchDim=\dimen268
\MPnumerator=\count172
\makeMPintoPDFobject=\count173
\everyMPtoPDFconversion=\toks46
) (/usr/local/texlive/2016/texmf-dist/tex/latex/oberdiek/epstopdf-base.sty
Package: epstopdf-base 2016/05/15 v2.6 Base part for package epstopdf

(/usr/local/texlive/2016/texmf-dist/tex/latex/oberdiek/grfext.sty
Package: grfext 2016/05/16 v1.2 Manage graphics extensions (HO)
)
Package grfext Info: Graphics extension search list:
(grfext)             [.png,.pdf,.jpg,.mps,.jpeg,.jbig2,.jb2,.PNG,.PDF,.JPG,.JPE
G,.JBIG2,.JB2,.eps]
(grfext)             \AppendGraphicsExtensions on input line 456.

(/usr/local/texlive/2016/texmf-dist/tex/latex/latexconfig/epstopdf-sys.cfg
File: epstopdf-sys.cfg 2010/07/13 v1.3 Configuration of (r)epstopdf for TeX Liv
e
))
ABD: EveryShipout initializing macros
\AtBeginShipoutBox=\box80
Package hyperref Info: Link coloring OFF on input line 138.

(/usr/local/texlive/2016/texmf-dist/tex/latex/hyperref/nameref.sty
Package: nameref 2012/10/27 v2.43 Cross-referencing by name of section

(/usr/local/texlive/2016/texmf-dist/tex/generic/oberdiek/gettitlestring.sty
Package: gettitlestring 2016/05/16 v1.5 Cleanup title references (HO)
)
\c@section@level=\count174
)
LaTeX Info: Redefining \ref on input line 138.
LaTeX Info: Redefining \pageref on input line 138.
LaTeX Info: Redefining \nameref on input line 138.

(./Introduction_LDPC_Codes.out) (./Introduction_LDPC_Codes.out)
\@outlinefile=\write5
\openout5 = `Introduction_LDPC_Codes.out'.


(/usr/local/texlive/2016/texmf-dist/tex/latex/beamer/translator/dicts/translato
r-basic-dictionary/translator-basic-dictionary-English.dict
Dictionary: translator-basic-dictionary, Language: English 
)
(/usr/local/texlive/2016/texmf-dist/tex/latex/beamer/translator/dicts/translato
r-bibliography-dictionary/translator-bibliography-dictionary-English.dict
Dictionary: translator-bibliography-dictionary, Language: English 
)
(/usr/local/texlive/2016/texmf-dist/tex/latex/beamer/translator/dicts/translato
r-environment-dictionary/translator-environment-dictionary-English.dict
Dictionary: translator-environment-dictionary, Language: English 
)
(/usr/local/texlive/2016/texmf-dist/tex/latex/beamer/translator/dicts/translato
r-months-dictionary/translator-months-dictionary-English.dict
Dictionary: translator-months-dictionary, Language: English 
)
(/usr/local/texlive/2016/texmf-dist/tex/latex/beamer/translator/dicts/translato
r-numbers-dictionary/translator-numbers-dictionary-English.dict
Dictionary: translator-numbers-dictionary, Language: English 
)
(/usr/local/texlive/2016/texmf-dist/tex/latex/beamer/translator/dicts/translato
r-theorem-dictionary/translator-theorem-dictionary-English.dict
Dictionary: translator-theorem-dictionary, Language: English 
)
LaTeX Info: Redefining \includegraphics on input line 138.

(./Introduction_LDPC_Codes.nav)
<Figuras/uc3m-logo.pdf, id=43, 739.76375pt x 223.83624pt>
File: Figuras/uc3m-logo.pdf Graphic file (type pdf)

<use Figuras/uc3m-logo.pdf>
Package pdftex.def Info: Figuras/uc3m-logo.pdf used on input line 146.
(pdftex.def)             Requested size: 36.99034pt x 11.19246pt.
 [1

{/usr/local/texlive/2016/texmf-var/fonts/map/pdftex/updmap/pdftex.map} <./Figur
as/uc3m-logo.pdf>]
LaTeX Font Info:    Try loading font information for U+msa on input line 165.

(/usr/local/texlive/2016/texmf-dist/tex/latex/amsfonts/umsa.fd
File: umsa.fd 2013/01/14 v3.01 AMS symbols A
)
LaTeX Font Info:    Try loading font information for U+msb on input line 165.

(/usr/local/texlive/2016/texmf-dist/tex/latex/amsfonts/umsb.fd
File: umsb.fd 2013/01/14 v3.01 AMS symbols B
)
LaTeX Font Info:    Try loading font information for U+rsfs on input line 165.

(/usr/local/texlive/2016/texmf-dist/tex/latex/jknapltx/ursfs.fd
File: ursfs.fd 1998/03/24 rsfs font definition file (jk)
)

LaTeX Font Warning: Font shape `OT1/cmr/m/n' in size <4> not available
(Font)              size <5> substituted on input line 165.

[2

] (./Introduction_LDPC_Codes.toc) [3

]

pdfTeX warning: /Library/TeX/texbin/pdflatex (file ./Figuras/BEC.pdf): PDF incl
usion: found PDF version <1.6>, but at most version <1.5> allowed
<Figuras/BEC.pdf, id=90, 344.50906pt x 141.45045pt>
File: Figuras/BEC.pdf Graphic file (type pdf)
 <use Figuras/BEC.pdf>
Package pdftex.def Info: Figuras/BEC.pdf used on input line 186.
(pdftex.def)             Requested size: 137.80118pt x 56.57916pt.

[4

 <./Figuras/BEC.pdf>]
File: Figuras/BEC.pdf Graphic file (type pdf)
 <use Figuras/BEC.pdf>
Package pdftex.def Info: Figuras/BEC.pdf used on input line 209.
(pdftex.def)             Requested size: 137.80118pt x 56.57916pt.
 [5

] [6

] [7

]
(./Introduction_LDPC_Codes.toc) [8

] [9

]
File: Figuras/BEC.pdf Graphic file (type pdf)
 <use Figuras/BEC.pdf>
Package pdftex.def Info: Figuras/BEC.pdf used on input line 324.
(pdftex.def)             Requested size: 137.80118pt x 56.57916pt.
 [10

] [11

]
[12

] [13

]
Package epstopdf Info: Source file: <Figuras/Gauss.eps>
(epstopdf)                    date: 2014-03-16 18:25:58
(epstopdf)                    size: 49195 bytes
(epstopdf)             Output file: <Figuras/Gauss-eps-converted-to.pdf>
(epstopdf)                    date: 2014-03-16 18:31:32
(epstopdf)                    size: 17267 bytes
(epstopdf)             Command: <repstopdf --outfile=Figuras/Gauss-eps-converte
d-to.pdf Figuras/Gauss.eps>
(epstopdf)             \includegraphics on input line 433.
Package epstopdf Info: Output file is already uptodate.
 <Figuras/Gauss-eps-converted-to.pdf, id=204, 529.98pt x 142.5325pt>
File: Figuras/Gauss-eps-converted-to.pdf Graphic file (type pdf)

<use Figuras/Gauss-eps-converted-to.pdf>
Package pdftex.def Info: Figuras/Gauss-eps-converted-to.pdf used on input line 
433.
(pdftex.def)             Requested size: 264.98933pt x 71.26607pt.
 [14

 <./Figuras/Gauss-eps-converted-to.pdf>] [15

] (./Introduction_LDPC_Codes.toc) [16

] [17

]
Package epstopdf Info: Source file: <Figuras/approx.eps>
(epstopdf)                    date: 2014-03-16 19:38:34
(epstopdf)                    size: 130690 bytes
(epstopdf)             Output file: <Figuras/approx-eps-converted-to.pdf>
(epstopdf)                    date: 2014-03-16 19:40:22
(epstopdf)                    size: 109870 bytes
(epstopdf)             Command: <repstopdf --outfile=Figuras/approx-eps-convert
ed-to.pdf Figuras/approx.eps>
(epstopdf)             \includegraphics on input line 528.
Package epstopdf Info: Output file is already uptodate.

<Figuras/approx-eps-converted-to.pdf, id=232, 481.8pt x 183.68625pt>
File: Figuras/approx-eps-converted-to.pdf Graphic file (type pdf)

<use Figuras/approx-eps-converted-to.pdf>
Package pdftex.def Info: Figuras/approx-eps-converted-to.pdf used on input line
 528.
(pdftex.def)             Requested size: 144.5411pt x 55.1063pt.
 [18

 <./Figuras/approx-eps-converted-to.pdf>] [19

]
Package epstopdf Info: Source file: <Figuras/tanner47.eps>
(epstopdf)                    date: 2014-03-16 20:08:22
(epstopdf)                    size: 58762 bytes
(epstopdf)             Output file: <Figuras/tanner47-eps-converted-to.pdf>
(epstopdf)                    date: 2014-03-16 20:08:26
(epstopdf)                    size: 56009 bytes
(epstopdf)             Command: <repstopdf --outfile=Figuras/tanner47-eps-conve
rted-to.pdf Figuras/tanner47.eps>
(epstopdf)             \includegraphics on input line 582.
Package epstopdf Info: Output file is already uptodate.

<Figuras/tanner47-eps-converted-to.pdf, id=247, 281.05pt x 192.72pt>
File: Figuras/tanner47-eps-converted-to.pdf Graphic file (type pdf)

<use Figuras/tanner47-eps-converted-to.pdf>
Package pdftex.def Info: Figuras/tanner47-eps-converted-to.pdf used on input li
ne 582.
(pdftex.def)             Requested size: 140.52464pt x 96.35976pt.
 [20

 <./Figuras/tanner47-eps-converted-to.pdf>]
Package epstopdf Info: Source file: <Figuras/tanner47_2.eps>
(epstopdf)                    date: 2014-03-16 20:17:58
(epstopdf)                    size: 95970 bytes
(epstopdf)             Output file: <Figuras/tanner47_2-eps-converted-to.pdf>
(epstopdf)                    date: 2014-03-16 20:18:00
(epstopdf)                    size: 97896 bytes
(epstopdf)             Command: <repstopdf --outfile=Figuras/tanner47_2-eps-con
verted-to.pdf Figuras/tanner47_2.eps>
(epstopdf)             \includegraphics on input line 602.
Package epstopdf Info: Output file is already uptodate.

<Figuras/tanner47_2-eps-converted-to.pdf, id=256, 281.05pt x 156.585pt>
File: Figuras/tanner47_2-eps-converted-to.pdf Graphic file (type pdf)

<use Figuras/tanner47_2-eps-converted-to.pdf>
Package pdftex.def Info: Figuras/tanner47_2-eps-converted-to.pdf used on input 
line 602.
(pdftex.def)             Requested size: 168.63129pt x 93.95172pt.
 [21

 <./Figuras/tanner47_2-eps-converted-to.pdf>] <Figuras/1.png, id=265, 432.61626
pt x 256.96pt>
File: Figuras/1.png Graphic file (type png)

<use Figuras/1.png>
Package pdftex.def Info: Figuras/1.png used on input line 613.
(pdftex.def)             Requested size: 173.04343pt x 102.78217pt.
 <Figuras/3.png, id=267, 777.90625pt x 476.78125pt>
File: Figuras/3.png Graphic file (type png)

<use Figuras/3.png>
Package pdftex.def Info: Figuras/3.png used on input line 613.
(pdftex.def)             Requested size: 178.91467pt x 109.65738pt.
 [22

 <./Figuras/1.png> <./Figuras/3.png>]
<Figuras/4.png, id=275, 1100.11pt x 679.53876pt>
File: Figuras/4.png Graphic file (type png)
 <use Figuras/4.png>
Package pdftex.def Info: Figuras/4.png used on input line 624.
(pdftex.def)             Requested size: 176.0212pt x 108.72842pt.

<Figuras/5.png, id=276, 1096.095pt x 688.5725pt>
File: Figuras/5.png Graphic file (type png)
 <use Figuras/5.png>
Package pdftex.def Info: Figuras/5.png used on input line 624.
(pdftex.def)             Requested size: 175.37878pt x 110.17384pt.
 [23

 <./Figuras/4.png> <./Figuras/5.png>]
<Figuras/6.png, id=284, 992.70876pt x 625.33624pt>
File: Figuras/6.png Graphic file (type png)
 <use Figuras/6.png>
Package pdftex.def Info: Figuras/6.png used on input line 635.
(pdftex.def)             Requested size: 198.53824pt x 125.06503pt.
 [24

 <./Figuras/6.png>] [25

] (./Introduction_LDPC_Codes.toc) [26

]

pdfTeX warning: /Library/TeX/texbin/pdflatex (file ./Figuras/H3620.pdf): PDF in
clusion: found PDF version <1.6>, but at most version <1.5> allowed
<Figuras/H3620.pdf, id=307, 209.06407pt x 152.35219pt>
File: Figuras/H3620.pdf Graphic file (type pdf)
 <use Figuras/H3620.pdf>
Package pdftex.def Info: Figuras/H3620.pdf used on input line 676.
(pdftex.def)             Requested size: 135.89003pt x 99.02774pt.


pdfTeX warning: /Library/TeX/texbin/pdflatex (file ./Figuras/TannerH3620.pdf): 
PDF inclusion: found PDF version <1.6>, but at most version <1.5> allowed
<Figuras/TannerH3620.pdf, id=308, 135.18605pt x 161.2424pt>
File: Figuras/TannerH3620.pdf Graphic file (type pdf)

<use Figuras/TannerH3620.pdf>
Package pdftex.def Info: Figuras/TannerH3620.pdf used on input line 676.
(pdftex.def)             Requested size: 87.86989pt x 104.8063pt.
 [27

 <./Figuras/H3620.pdf> <./Figuras/TannerH3620.pdf>] [28

] [29

] <Figuras/tree2.png, id=416, 487.8225pt x 300.12125pt>
File: Figuras/tree2.png Graphic file (type png)

<use Figuras/tree2.png>
Package pdftex.def Info: Figuras/tree2.png used on input line 783.
(pdftex.def)             Requested size: 243.91064pt x 150.06026pt.
 [30

 <./Figuras/tree2.png>]
Package epstopdf Info: Source file: <Figuras/tree_36.eps>
(epstopdf)                    date: 2014-03-03 10:02:46
(epstopdf)                    size: 9981 bytes
(epstopdf)             Output file: <Figuras/tree_36-eps-converted-to.pdf>
(epstopdf)                    date: 2014-03-03 10:02:56
(epstopdf)                    size: 3666 bytes
(epstopdf)             Command: <repstopdf --outfile=Figuras/tree_36-eps-conver
ted-to.pdf Figuras/tree_36.eps>
(epstopdf)             \includegraphics on input line 805.
Package epstopdf Info: Output file is already uptodate.

<Figuras/tree_36-eps-converted-to.pdf, id=424, 331.2375pt x 202.7575pt>
File: Figuras/tree_36-eps-converted-to.pdf Graphic file (type pdf)

<use Figuras/tree_36-eps-converted-to.pdf>
Package pdftex.def Info: Figuras/tree_36-eps-converted-to.pdf used on input lin
e 805.
(pdftex.def)             Requested size: 165.61833pt x 101.3785pt.
 [31

 <./Figuras/tree_36-eps-converted-to.pdf>] [32

] <Figuras/errorcurvesv2.pdf, id=438, 503.82608pt x 414.74246pt>
File: Figuras/errorcurvesv2.pdf Graphic file (type pdf)

<use Figuras/errorcurvesv2.pdf>
Package pdftex.def Info: Figuras/errorcurvesv2.pdf used on input line 841.
(pdftex.def)             Requested size: 226.71964pt x 186.63239pt.
 [33

 <./Figuras/errorcurvesv2.pdf>]
<Figuras/cycle.png, id=488, 485.815pt x 309.155pt>
File: Figuras/cycle.png Graphic file (type png)
 <use Figuras/cycle.png>
Package pdftex.def Info: Figuras/cycle.png used on input line 857.
(pdftex.def)             Requested size: 145.74562pt x 92.74721pt.

[34

 <./Figuras/cycle.png>] [35

] (./Introduction_LDPC_Codes.toc) [36

] [37

]
[38

] [39

] [40

] [41

] [42

]
<Figuras/Olmos_CL2010-2015_fig4.pdf, id=543, 519.7056pt x 451.75575pt>
File: Figuras/Olmos_CL2010-2015_fig4.pdf Graphic file (type pdf)

<use Figuras/Olmos_CL2010-2015_fig4.pdf>
Package pdftex.def Info: Figuras/Olmos_CL2010-2015_fig4.pdf used on input line 
1041.
(pdftex.def)             Requested size: 155.91287pt x 135.52776pt.

Overfull \hbox (21.04338pt too wide) in paragraph at lines 1041--1041
[]  
 []

<Figuras/SS.pdf, id=544, 156.585pt x 123.46124pt>
File: Figuras/SS.pdf Graphic file (type pdf)
 <use Figuras/SS.pdf>
Package pdftex.def Info: Figuras/SS.pdf used on input line 1041.
(pdftex.def)             Requested size: 62.63287pt x 49.3836pt.

Overfull \hbox (2.54349pt too wide) detected at line 1041
[][][] [][][][][][][][][] [][][][][][][] 
 []

[43

 <./Figuras/Olmos_CL2010-2015_fig4.pdf> <./Figuras/SS.pdf>]
(./Introduction_LDPC_Codes.toc) [44

] [45

]
<Figuras/uncchain36.pdf, id=581, 331.2375pt x 127.22531pt>
File: Figuras/uncchain36.pdf Graphic file (type pdf)

<use Figuras/uncchain36.pdf>
Package pdftex.def Info: Figuras/uncchain36.pdf used on input line 1098.
(pdftex.def)             Requested size: 132.49265pt x 50.8892pt.

<Figuras/cchain36.pdf, id=582, 331.2375pt x 113.56427pt>
File: Figuras/cchain36.pdf Graphic file (type pdf)

<use Figuras/cchain36.pdf>
Package pdftex.def Info: Figuras/cchain36.pdf used on input line 1098.
(pdftex.def)             Requested size: 165.61833pt x 56.78198pt.
 [46

 <./Figuras/uncchain36.pdf> <./Figuras/cchain36.pdf>] <Figuras/Hcoupled.pdf, id
=593, 539.40811pt x 317.38576pt>
File: Figuras/Hcoupled.pdf Graphic file (type pdf)

<use Figuras/Hcoupled.pdf>
Package pdftex.def Info: Figuras/Hcoupled.pdf used on input line 1134.
(pdftex.def)             Requested size: 161.82368pt x 95.21646pt.
 [47

 <./Figuras/Hcoupled.pdf>] [48

]
<Figuras/L_20_M_512_Iter_5.pdf, id=607, 576.38536pt x 455.7517pt>
File: Figuras/L_20_M_512_Iter_5.pdf Graphic file (type pdf)

<use Figuras/L_20_M_512_Iter_5.pdf>
Package pdftex.def Info: Figuras/L_20_M_512_Iter_5.pdf used on input line 1174.

(pdftex.def)             Requested size: 85.35826pt x 67.49052pt.

<Figuras/L_20_M_512_Iter_30.pdf, id=608, 576.38536pt x 455.7517pt>
File: Figuras/L_20_M_512_Iter_30.pdf Graphic file (type pdf)

<use Figuras/L_20_M_512_Iter_30.pdf>
Package pdftex.def Info: Figuras/L_20_M_512_Iter_30.pdf used on input line 1174
.
(pdftex.def)             Requested size: 85.35826pt x 67.49052pt.

<Figuras/L_20_M_512_Iter_70.pdf, id=609, 576.38536pt x 455.7517pt>
File: Figuras/L_20_M_512_Iter_70.pdf Graphic file (type pdf)

<use Figuras/L_20_M_512_Iter_70.pdf>
Package pdftex.def Info: Figuras/L_20_M_512_Iter_70.pdf used on input line 1174
.
(pdftex.def)             Requested size: 85.35826pt x 67.49052pt.

<Figuras/L_20_M_512_Iter_110.pdf, id=610, 576.38536pt x 455.7517pt>
File: Figuras/L_20_M_512_Iter_110.pdf Graphic file (type pdf)

<use Figuras/L_20_M_512_Iter_110.pdf>
Package pdftex.def Info: Figuras/L_20_M_512_Iter_110.pdf used on input line 117
4.
(pdftex.def)             Requested size: 85.35826pt x 67.49052pt.
 [49

 <./Figuras/L_20_M_512_Iter_5.pdf> <./Figuras/L_20_M_512_Iter_30.pdf> <./Figura
s/L_20_M_512_Iter_70.pdf> <./Figuras/L_20_M_512_Iter_110.pdf>] <Figuras/wd.pdf,
 id=629, 331.2375pt x 114.81895pt>
File: Figuras/wd.pdf Graphic file (type pdf)

<use Figuras/wd.pdf>
Package pdftex.def Info: Figuras/wd.pdf used on input line 1191.
(pdftex.def)             Requested size: 165.61833pt x 57.40933pt.
 [50

 <./Figuras/wd.pdf>]
\tf@nav=\write6
\openout6 = `Introduction_LDPC_Codes.nav'.

\tf@toc=\write7
\openout7 = `Introduction_LDPC_Codes.toc'.

\tf@snm=\write8
\openout8 = `Introduction_LDPC_Codes.snm'.

Package atveryend Info: Empty hook `BeforeClearDocument' on input line 1194.
Package atveryend Info: Empty hook `AfterLastShipout' on input line 1194.
 (./Introduction_LDPC_Codes.aux)
Package atveryend Info: Executing hook `AtVeryEndDocument' on input line 1194.
Package atveryend Info: Executing hook `AtEndAfterFileList' on input line 1194.

Package rerunfilecheck Info: File `Introduction_LDPC_Codes.out' has not changed
.
(rerunfilecheck)             Checksum: E7DA25513E2281473F588FA3CFDF1409;356.


LaTeX Font Warning: Size substitutions with differences
(Font)              up to 1.0pt have occurred.

Package atveryend Info: Empty hook `AtVeryVeryEnd' on input line 1194.
 ) 
Here is how much of TeX's memory you used:
 23876 strings out of 493014
 512501 string characters out of 6133351
 597257 words of memory out of 5000000
 26707 multiletter control sequences out of 15000+600000
 18509 words of font info for 75 fonts, out of 8000000 for 9000
 1141 hyphenation exceptions out of 8191
 56i,24n,69p,419b,942s stack positions out of 5000i,500n,10000p,200000b,80000s
</usr/local/texlive/2016/texmf-dist/fonts/type1/public/mnsymbol/MnSymbol10.pf
b

pdfTeX warning: /Library/TeX/texbin/pdflatex (file /usr/local/texlive/2016/texm
f-dist/fonts/type1/public/mnsymbol/MnSymbol10.pfb): glyph `Vert1' undefined


pdfTeX warning: /Library/TeX/texbin/pdflatex (file /usr/local/texlive/2016/texm
f-dist/fonts/type1/public/mnsymbol/MnSymbol10.pfb): glyph `approx' undefined


pdfTeX warning: /Library/TeX/texbin/pdflatex (file /usr/local/texlive/2016/texm
f-dist/fonts/type1/public/mnsymbol/MnSymbol10.pfb): glyph `ast' undefined


pdfTeX warning: /Library/TeX/texbin/pdflatex (file /usr/local/texlive/2016/texm
f-dist/fonts/type1/public/mnsymbol/MnSymbol10.pfb): glyph `boxplus' undefined


pdfTeX warning: /Library/TeX/texbin/pdflatex (file /usr/local/texlive/2016/texm
f-dist/fonts/type1/public/mnsymbol/MnSymbol10.pfb): glyph `cap' undefined


pdfTeX warning: /Library/TeX/texbin/pdflatex (file /usr/local/texlive/2016/texm
f-dist/fonts/type1/public/mnsymbol/MnSymbol10.pfb): glyph `cdot' undefined


pdfTeX warning: /Library/TeX/texbin/pdflatex (file /usr/local/texlive/2016/texm
f-dist/fonts/type1/public/mnsymbol/MnSymbol10.pfb): glyph `circ' undefined


pdfTeX warning: /Library/TeX/texbin/pdflatex (file /usr/local/texlive/2016/texm
f-dist/fonts/type1/public/mnsymbol/MnSymbol10.pfb): glyph `circeq' undefined


pdfTeX warning: /Library/TeX/texbin/pdflatex (file /usr/local/texlive/2016/texm
f-dist/fonts/type1/public/mnsymbol/MnSymbol10.pfb): glyph `cup' undefined


pdfTeX warning: /Library/TeX/texbin/pdflatex (file /usr/local/texlive/2016/texm
f-dist/fonts/type1/public/mnsymbol/MnSymbol10.pfb): glyph `curlymod' undefined


pdfTeX warning: /Library/TeX/texbin/pdflatex (file /usr/local/texlive/2016/texm
f-dist/fonts/type1/public/mnsymbol/MnSymbol10.pfb): glyph `dcurly1' undefined


pdfTeX warning: /Library/TeX/texbin/pdflatex (file /usr/local/texlive/2016/texm
f-dist/fonts/type1/public/mnsymbol/MnSymbol10.pfb): glyph `dcurly3' undefined


pdfTeX warning: /Library/TeX/texbin/pdflatex (file /usr/local/texlive/2016/texm
f-dist/fonts/type1/public/mnsymbol/MnSymbol10.pfb): glyph `dcurly5' undefined


pdfTeX warning: /Library/TeX/texbin/pdflatex (file /usr/local/texlive/2016/texm
f-dist/fonts/type1/public/mnsymbol/MnSymbol10.pfb): glyph `ddots' undefined


pdfTeX warning: /Library/TeX/texbin/pdflatex (file /usr/local/texlive/2016/texm
f-dist/fonts/type1/public/mnsymbol/MnSymbol10.pfb): glyph `diameter' undefined


pdfTeX warning: /Library/TeX/texbin/pdflatex (file /usr/local/texlive/2016/texm
f-dist/fonts/type1/public/mnsymbol/MnSymbol10.pfb): glyph `equiv' undefined


pdfTeX warning: /Library/TeX/texbin/pdflatex (file /usr/local/texlive/2016/texm
f-dist/fonts/type1/public/mnsymbol/MnSymbol10.pfb): glyph `forall' undefined


pdfTeX warning: /Library/TeX/texbin/pdflatex (file /usr/local/texlive/2016/texm
f-dist/fonts/type1/public/mnsymbol/MnSymbol10.pfb): glyph `geq' undefined


pdfTeX warning: /Library/TeX/texbin/pdflatex (file /usr/local/texlive/2016/texm
f-dist/fonts/type1/public/mnsymbol/MnSymbol10.pfb): glyph `gg' undefined


pdfTeX warning: /Library/TeX/texbin/pdflatex (file /usr/local/texlive/2016/texm
f-dist/fonts/type1/public/mnsymbol/MnSymbol10.pfb): glyph `gtr' undefined


pdfTeX warning: /Library/TeX/texbin/pdflatex (file /usr/local/texlive/2016/texm
f-dist/fonts/type1/public/mnsymbol/MnSymbol10.pfb): glyph `hdots' undefined


pdfTeX warning: /Library/TeX/texbin/pdflatex (file /usr/local/texlive/2016/texm
f-dist/fonts/type1/public/mnsymbol/MnSymbol10.pfb): glyph `in' undefined


pdfTeX warning: /Library/TeX/texbin/pdflatex (file /usr/local/texlive/2016/texm
f-dist/fonts/type1/public/mnsymbol/MnSymbol10.pfb): glyph `infty' undefined


pdfTeX warning: /Library/TeX/texbin/pdflatex (file /usr/local/texlive/2016/texm
f-dist/fonts/type1/public/mnsymbol/MnSymbol10.pfb): glyph `langle1' undefined


pdfTeX warning: /Library/TeX/texbin/pdflatex (file /usr/local/texlive/2016/texm
f-dist/fonts/type1/public/mnsymbol/MnSymbol10.pfb): glyph `lbracket2' undefined



pdfTeX warning: /Library/TeX/texbin/pdflatex (file /usr/local/texlive/2016/texm
f-dist/fonts/type1/public/mnsymbol/MnSymbol10.pfb): glyph `lbracket3' undefined



pdfTeX warning: /Library/TeX/texbin/pdflatex (file /usr/local/texlive/2016/texm
f-dist/fonts/type1/public/mnsymbol/MnSymbol10.pfb): glyph `lbracket5' undefined



pdfTeX warning: /Library/TeX/texbin/pdflatex (file /usr/local/texlive/2016/texm
f-dist/fonts/type1/public/mnsymbol/MnSymbol10.pfb): glyph `lbracketbot' undefin
ed


pdfTeX warning: /Library/TeX/texbin/pdflatex (file /usr/local/texlive/2016/texm
f-dist/fonts/type1/public/mnsymbol/MnSymbol10.pfb): glyph `lbracketmod' undefin
ed


pdfTeX warning: /Library/TeX/texbin/pdflatex (file /usr/local/texlive/2016/texm
f-dist/fonts/type1/public/mnsymbol/MnSymbol10.pfb): glyph `lbrackettop' undefin
ed


pdfTeX warning: /Library/TeX/texbin/pdflatex (file /usr/local/texlive/2016/texm
f-dist/fonts/type1/public/mnsymbol/MnSymbol10.pfb): glyph `lceil1' undefined


pdfTeX warning: /Library/TeX/texbin/pdflatex (file /usr/local/texlive/2016/texm
f-dist/fonts/type1/public/mnsymbol/MnSymbol10.pfb): glyph `lceil2' undefined


pdfTeX warning: /Library/TeX/texbin/pdflatex (file /usr/local/texlive/2016/texm
f-dist/fonts/type1/public/mnsymbol/MnSymbol10.pfb): glyph `lceil5' undefined


pdfTeX warning: /Library/TeX/texbin/pdflatex (file /usr/local/texlive/2016/texm
f-dist/fonts/type1/public/mnsymbol/MnSymbol10.pfb): glyph `lcurly1' undefined


pdfTeX warning: /Library/TeX/texbin/pdflatex (file /usr/local/texlive/2016/texm
f-dist/fonts/type1/public/mnsymbol/MnSymbol10.pfb): glyph `lcurly2' undefined


pdfTeX warning: /Library/TeX/texbin/pdflatex (file /usr/local/texlive/2016/texm
f-dist/fonts/type1/public/mnsymbol/MnSymbol10.pfb): glyph `lcurly3' undefined


pdfTeX warning: /Library/TeX/texbin/pdflatex (file /usr/local/texlive/2016/texm
f-dist/fonts/type1/public/mnsymbol/MnSymbol10.pfb): glyph `lcurly4' undefined


pdfTeX warning: /Library/TeX/texbin/pdflatex (file /usr/local/texlive/2016/texm
f-dist/fonts/type1/public/mnsymbol/MnSymbol10.pfb): glyph `lcurly5' undefined


pdfTeX warning: /Library/TeX/texbin/pdflatex (file /usr/local/texlive/2016/texm
f-dist/fonts/type1/public/mnsymbol/MnSymbol10.pfb): glyph `lcurlybot' undefined



pdfTeX warning: /Library/TeX/texbin/pdflatex (file /usr/local/texlive/2016/texm
f-dist/fonts/type1/public/mnsymbol/MnSymbol10.pfb): glyph `lcurlymid' undefined



pdfTeX warning: /Library/TeX/texbin/pdflatex (file /usr/local/texlive/2016/texm
f-dist/fonts/type1/public/mnsymbol/MnSymbol10.pfb): glyph `lcurlytop' undefined



pdfTeX warning: /Library/TeX/texbin/pdflatex (file /usr/local/texlive/2016/texm
f-dist/fonts/type1/public/mnsymbol/MnSymbol10.pfb): glyph `leq' undefined


pdfTeX warning: /Library/TeX/texbin/pdflatex (file /usr/local/texlive/2016/texm
f-dist/fonts/type1/public/mnsymbol/MnSymbol10.pfb): glyph `lfloor1' undefined


pdfTeX warning: /Library/TeX/texbin/pdflatex (file /usr/local/texlive/2016/texm
f-dist/fonts/type1/public/mnsymbol/MnSymbol10.pfb): glyph `lfloor2' undefined


pdfTeX warning: /Library/TeX/texbin/pdflatex (file /usr/local/texlive/2016/texm
f-dist/fonts/type1/public/mnsymbol/MnSymbol10.pfb): glyph `ll' undefined


pdfTeX warning: /Library/TeX/texbin/pdflatex (file /usr/local/texlive/2016/texm
f-dist/fonts/type1/public/mnsymbol/MnSymbol10.pfb): glyph `lparen2' undefined


pdfTeX warning: /Library/TeX/texbin/pdflatex (file /usr/local/texlive/2016/texm
f-dist/fonts/type1/public/mnsymbol/MnSymbol10.pfb): glyph `lparen3' undefined


pdfTeX warning: /Library/TeX/texbin/pdflatex (file /usr/local/texlive/2016/texm
f-dist/fonts/type1/public/mnsymbol/MnSymbol10.pfb): glyph `lparen4' undefined


pdfTeX warning: /Library/TeX/texbin/pdflatex (file /usr/local/texlive/2016/texm
f-dist/fonts/type1/public/mnsymbol/MnSymbol10.pfb): glyph `lparen5' undefined


pdfTeX warning: /Library/TeX/texbin/pdflatex (file /usr/local/texlive/2016/texm
f-dist/fonts/type1/public/mnsymbol/MnSymbol10.pfb): glyph `lparenbot' undefined



pdfTeX warning: /Library/TeX/texbin/pdflatex (file /usr/local/texlive/2016/texm
f-dist/fonts/type1/public/mnsymbol/MnSymbol10.pfb): glyph `lparenmod' undefined



pdfTeX warning: /Library/TeX/texbin/pdflatex (file /usr/local/texlive/2016/texm
f-dist/fonts/type1/public/mnsymbol/MnSymbol10.pfb): glyph `lparentop' undefined



pdfTeX warning: /Library/TeX/texbin/pdflatex (file /usr/local/texlive/2016/texm
f-dist/fonts/type1/public/mnsymbol/MnSymbol10.pfb): glyph `lslash1' undefined


pdfTeX warning: /Library/TeX/texbin/pdflatex (file /usr/local/texlive/2016/texm
f-dist/fonts/type1/public/mnsymbol/MnSymbol10.pfb): glyph `lslash3' undefined


pdfTeX warning: /Library/TeX/texbin/pdflatex (file /usr/local/texlive/2016/texm
f-dist/fonts/type1/public/mnsymbol/MnSymbol10.pfb): glyph `medbackslash' undefi
ned


pdfTeX warning: /Library/TeX/texbin/pdflatex (file /usr/local/texlive/2016/texm
f-dist/fonts/type1/public/mnsymbol/MnSymbol10.pfb): glyph `meddiamond' undefine
d


pdfTeX warning: /Library/TeX/texbin/pdflatex (file /usr/local/texlive/2016/texm
f-dist/fonts/type1/public/mnsymbol/MnSymbol10.pfb): glyph `medsquare' undefined



pdfTeX warning: /Library/TeX/texbin/pdflatex (file /usr/local/texlive/2016/texm
f-dist/fonts/type1/public/mnsymbol/MnSymbol10.pfb): glyph `medtriangledown' und
efined


pdfTeX warning: /Library/TeX/texbin/pdflatex (file /usr/local/texlive/2016/texm
f-dist/fonts/type1/public/mnsymbol/MnSymbol10.pfb): glyph `nequal' undefined


pdfTeX warning: /Library/TeX/texbin/pdflatex (file /usr/local/texlive/2016/texm
f-dist/fonts/type1/public/mnsymbol/MnSymbol10.pfb): glyph `oast' undefined


pdfTeX warning: /Library/TeX/texbin/pdflatex (file /usr/local/texlive/2016/texm
f-dist/fonts/type1/public/mnsymbol/MnSymbol10.pfb): glyph `otimes' undefined


pdfTeX warning: /Library/TeX/texbin/pdflatex (file /usr/local/texlive/2016/texm
f-dist/fonts/type1/public/mnsymbol/MnSymbol10.pfb): glyph `pm' undefined


pdfTeX warning: /Library/TeX/texbin/pdflatex (file /usr/local/texlive/2016/texm
f-dist/fonts/type1/public/mnsymbol/MnSymbol10.pfb): glyph `rangle1' undefined


pdfTeX warning: /Library/TeX/texbin/pdflatex (file /usr/local/texlive/2016/texm
f-dist/fonts/type1/public/mnsymbol/MnSymbol10.pfb): glyph `rbracket2' undefined



pdfTeX warning: /Library/TeX/texbin/pdflatex (file /usr/local/texlive/2016/texm
f-dist/fonts/type1/public/mnsymbol/MnSymbol10.pfb): glyph `rbracket3' undefined



pdfTeX warning: /Library/TeX/texbin/pdflatex (file /usr/local/texlive/2016/texm
f-dist/fonts/type1/public/mnsymbol/MnSymbol10.pfb): glyph `rbracket5' undefined



pdfTeX warning: /Library/TeX/texbin/pdflatex (file /usr/local/texlive/2016/texm
f-dist/fonts/type1/public/mnsymbol/MnSymbol10.pfb): glyph `rbracketbot' undefin
ed


pdfTeX warning: /Library/TeX/texbin/pdflatex (file /usr/local/texlive/2016/texm
f-dist/fonts/type1/public/mnsymbol/MnSymbol10.pfb): glyph `rbracketmod' undefin
ed


pdfTeX warning: /Library/TeX/texbin/pdflatex (file /usr/local/texlive/2016/texm
f-dist/fonts/type1/public/mnsymbol/MnSymbol10.pfb): glyph `rbrackettop' undefin
ed


pdfTeX warning: /Library/TeX/texbin/pdflatex (file /usr/local/texlive/2016/texm
f-dist/fonts/type1/public/mnsymbol/MnSymbol10.pfb): glyph `rceil1' undefined


pdfTeX warning: /Library/TeX/texbin/pdflatex (file /usr/local/texlive/2016/texm
f-dist/fonts/type1/public/mnsymbol/MnSymbol10.pfb): glyph `rceil2' undefined


pdfTeX warning: /Library/TeX/texbin/pdflatex (file /usr/local/texlive/2016/texm
f-dist/fonts/type1/public/mnsymbol/MnSymbol10.pfb): glyph `rceil5' undefined


pdfTeX warning: /Library/TeX/texbin/pdflatex (file /usr/local/texlive/2016/texm
f-dist/fonts/type1/public/mnsymbol/MnSymbol10.pfb): glyph `rcurly1' undefined


pdfTeX warning: /Library/TeX/texbin/pdflatex (file /usr/local/texlive/2016/texm
f-dist/fonts/type1/public/mnsymbol/MnSymbol10.pfb): glyph `rcurly2' undefined


pdfTeX warning: /Library/TeX/texbin/pdflatex (file /usr/local/texlive/2016/texm
f-dist/fonts/type1/public/mnsymbol/MnSymbol10.pfb): glyph `rcurly3' undefined


pdfTeX warning: /Library/TeX/texbin/pdflatex (file /usr/local/texlive/2016/texm
f-dist/fonts/type1/public/mnsymbol/MnSymbol10.pfb): glyph `rcurly4' undefined


pdfTeX warning: /Library/TeX/texbin/pdflatex (file /usr/local/texlive/2016/texm
f-dist/fonts/type1/public/mnsymbol/MnSymbol10.pfb): glyph `rcurly5' undefined


pdfTeX warning: /Library/TeX/texbin/pdflatex (file /usr/local/texlive/2016/texm
f-dist/fonts/type1/public/mnsymbol/MnSymbol10.pfb): glyph `rfloor1' undefined


pdfTeX warning: /Library/TeX/texbin/pdflatex (file /usr/local/texlive/2016/texm
f-dist/fonts/type1/public/mnsymbol/MnSymbol10.pfb): glyph `rfloor2' undefined


pdfTeX warning: /Library/TeX/texbin/pdflatex (file /usr/local/texlive/2016/texm
f-dist/fonts/type1/public/mnsymbol/MnSymbol10.pfb): glyph `root1' undefined


pdfTeX warning: /Library/TeX/texbin/pdflatex (file /usr/local/texlive/2016/texm
f-dist/fonts/type1/public/mnsymbol/MnSymbol10.pfb): glyph `root2' undefined


pdfTeX warning: /Library/TeX/texbin/pdflatex (file /usr/local/texlive/2016/texm
f-dist/fonts/type1/public/mnsymbol/MnSymbol10.pfb): glyph `root3' undefined


pdfTeX warning: /Library/TeX/texbin/pdflatex (file /usr/local/texlive/2016/texm
f-dist/fonts/type1/public/mnsymbol/MnSymbol10.pfb): glyph `root4' undefined


pdfTeX warning: /Library/TeX/texbin/pdflatex (file /usr/local/texlive/2016/texm
f-dist/fonts/type1/public/mnsymbol/MnSymbol10.pfb): glyph `root5' undefined


pdfTeX warning: /Library/TeX/texbin/pdflatex (file /usr/local/texlive/2016/texm
f-dist/fonts/type1/public/mnsymbol/MnSymbol10.pfb): glyph `rparen2' undefined


pdfTeX warning: /Library/TeX/texbin/pdflatex (file /usr/local/texlive/2016/texm
f-dist/fonts/type1/public/mnsymbol/MnSymbol10.pfb): glyph `rparen3' undefined


pdfTeX warning: /Library/TeX/texbin/pdflatex (file /usr/local/texlive/2016/texm
f-dist/fonts/type1/public/mnsymbol/MnSymbol10.pfb): glyph `rparen4' undefined


pdfTeX warning: /Library/TeX/texbin/pdflatex (file /usr/local/texlive/2016/texm
f-dist/fonts/type1/public/mnsymbol/MnSymbol10.pfb): glyph `rparen5' undefined


pdfTeX warning: /Library/TeX/texbin/pdflatex (file /usr/local/texlive/2016/texm
f-dist/fonts/type1/public/mnsymbol/MnSymbol10.pfb): glyph `rparenbot' undefined



pdfTeX warning: /Library/TeX/texbin/pdflatex (file /usr/local/texlive/2016/texm
f-dist/fonts/type1/public/mnsymbol/MnSymbol10.pfb): glyph `rparenmod' undefined



pdfTeX warning: /Library/TeX/texbin/pdflatex (file /usr/local/texlive/2016/texm
f-dist/fonts/type1/public/mnsymbol/MnSymbol10.pfb): glyph `rparentop' undefined



pdfTeX warning: /Library/TeX/texbin/pdflatex (file /usr/local/texlive/2016/texm
f-dist/fonts/type1/public/mnsymbol/MnSymbol10.pfb): glyph `rslash1' undefined


pdfTeX warning: /Library/TeX/texbin/pdflatex (file /usr/local/texlive/2016/texm
f-dist/fonts/type1/public/mnsymbol/MnSymbol10.pfb): glyph `sim' undefined


pdfTeX warning: /Library/TeX/texbin/pdflatex (file /usr/local/texlive/2016/texm
f-dist/fonts/type1/public/mnsymbol/MnSymbol10.pfb): glyph `simeq' undefined


pdfTeX warning: /Library/TeX/texbin/pdflatex (file /usr/local/texlive/2016/texm
f-dist/fonts/type1/public/mnsymbol/MnSymbol10.pfb): glyph `subset' undefined


pdfTeX warning: /Library/TeX/texbin/pdflatex (file /usr/local/texlive/2016/texm
f-dist/fonts/type1/public/mnsymbol/MnSymbol10.pfb): glyph `subseteq' undefined


pdfTeX warning: /Library/TeX/texbin/pdflatex (file /usr/local/texlive/2016/texm
f-dist/fonts/type1/public/mnsymbol/MnSymbol10.pfb): glyph `thinstar' undefined


pdfTeX warning: /Library/TeX/texbin/pdflatex (file /usr/local/texlive/2016/texm
f-dist/fonts/type1/public/mnsymbol/MnSymbol10.pfb): glyph `times' undefined


pdfTeX warning: /Library/TeX/texbin/pdflatex (file /usr/local/texlive/2016/texm
f-dist/fonts/type1/public/mnsymbol/MnSymbol10.pfb): glyph `vdotdot' undefined


pdfTeX warning: /Library/TeX/texbin/pdflatex (file /usr/local/texlive/2016/texm
f-dist/fonts/type1/public/mnsymbol/MnSymbol10.pfb): glyph `vdots' undefined


pdfTeX warning: /Library/TeX/texbin/pdflatex (file /usr/local/texlive/2016/texm
f-dist/fonts/type1/public/mnsymbol/MnSymbol10.pfb): glyph `vec' undefined


pdfTeX warning: /Library/TeX/texbin/pdflatex (file /usr/local/texlive/2016/texm
f-dist/fonts/type1/public/mnsymbol/MnSymbol10.pfb): glyph `vert1' undefined


pdfTeX warning: /Library/TeX/texbin/pdflatex (file /usr/local/texlive/2016/texm
f-dist/fonts/type1/public/mnsymbol/MnSymbol10.pfb): glyph `vert2' undefined


pdfTeX warning: /Library/TeX/texbin/pdflatex (file /usr/local/texlive/2016/texm
f-dist/fonts/type1/public/mnsymbol/MnSymbol10.pfb): glyph `vert3' undefined


pdfTeX warning: /Library/TeX/texbin/pdflatex (file /usr/local/texlive/2016/texm
f-dist/fonts/type1/public/mnsymbol/MnSymbol10.pfb): glyph `vert5' undefined
></usr/local/texlive/2016/texmf-dist/fonts/type1/public/amsfonts/cm/cmbx8.pfb><
/usr/local/texlive/2016/texmf-dist/fonts/type1/public/amsfonts/cm/cmbx9.pfb></u
sr/local/texlive/2016/texmf-dist/fonts/type1/public/amsfonts/cmextra/cmex9.pfb>
</usr/local/texlive/2016/texmf-dist/fonts/type1/public/amsfonts/cm/cmmi10.pfb><
/usr/local/texlive/2016/texmf-dist/fonts/type1/public/amsfonts/cm/cmmi5.pfb></u
sr/local/texlive/2016/texmf-dist/fonts/type1/public/amsfonts/cm/cmmi6.pfb></usr
/local/texlive/2016/texmf-dist/fonts/type1/public/amsfonts/cm/cmmi8.pfb></usr/l
ocal/texlive/2016/texmf-dist/fonts/type1/public/amsfonts/cm/cmmi9.pfb></usr/loc
al/texlive/2016/texmf-dist/fonts/type1/public/amsfonts/cmextra/cmmib9.pfb></usr
/local/texlive/2016/texmf-dist/fonts/type1/public/amsfonts/cm/cmr10.pfb></usr/l
ocal/texlive/2016/texmf-dist/fonts/type1/public/amsfonts/cm/cmr5.pfb></usr/loca
l/texlive/2016/texmf-dist/fonts/type1/public/amsfonts/cm/cmr6.pfb></usr/local/t
exlive/2016/texmf-dist/fonts/type1/public/amsfonts/cm/cmr8.pfb></usr/local/texl
ive/2016/texmf-dist/fonts/type1/public/amsfonts/cm/cmr9.pfb></usr/local/texlive
/2016/texmf-dist/fonts/type1/public/amsfonts/cm/cmsy6.pfb></usr/local/texlive/2
016/texmf-dist/fonts/type1/public/amsfonts/cm/cmsy8.pfb></usr/local/texlive/201
6/texmf-dist/fonts/type1/public/amsfonts/cm/cmsy9.pfb></usr/local/texlive/2016/
texmf-dist/fonts/type1/public/amsfonts/cm/cmti9.pfb></usr/local/texlive/2016/te
xmf-dist/fonts/type1/public/amsfonts/cm/cmtt10.pfb></usr/local/texlive/2016/tex
mf-dist/fonts/type1/public/amsfonts/cm/cmtt8.pfb></usr/local/texlive/2016/texmf
-dist/fonts/type1/public/amsfonts/cm/cmtt9.pfb></usr/local/texlive/2016/texmf-d
ist/fonts/type1/public/amsfonts/symbols/msam10.pfb></usr/local/texlive/2016/tex
mf-dist/fonts/type1/public/amsfonts/symbols/msam5.pfb></usr/local/texlive/2016/
texmf-dist/fonts/type1/public/amsfonts/symbols/msbm10.pfb>
Output written on Introduction_LDPC_Codes.pdf (50 pages, 2660390 bytes).
PDF statistics:
 738 PDF objects out of 1000 (max. 8388607)
 556 compressed objects within 6 object streams
 107 named destinations out of 1000 (max. 500000)
 286 words of extra memory for PDF output out of 10000 (max. 10000000)

